<?xml version="1.0" encoding="UTF-8"?>
<testng-results ignored="0" total="4" passed="4" failed="0" skipped="0">
  <reporter-output>
  </reporter-output>
  <suite started-at="2021-09-04T11:58:50 IST" name="Default suite" finished-at="2021-09-04T11:58:56 IST" duration-ms="5403">
    <groups>
    </groups>
    <test started-at="2021-09-04T11:58:50 IST" name="Default test" finished-at="2021-09-04T11:58:56 IST" duration-ms="5403">
      <class name="AutomateAPI.GET_Tests">
        <test-method is-config="true" signature="setup()[pri:0, instance:AutomateAPI.GET_Tests@2525ff7e]" started-at="2021-09-04T11:58:50 IST" name="setup" finished-at="2021-09-04T11:58:51 IST" duration-ms="1099" status="PASS">
          <reporter-output>
          </reporter-output>
        </test-method> <!-- setup -->
        <test-method signature="GETaccess(java.lang.String, java.lang.String, java.lang.String, java.lang.String, java.lang.String)[pri:0, instance:AutomateAPI.GET_Tests@2525ff7e]" started-at="2021-09-04T11:58:52 IST" name="GETaccess" data-provider="userData" finished-at="2021-09-04T11:58:55 IST" duration-ms="3631" status="PASS">
          <params>
            <param index="0">
              <value>
                <![CDATA[https://reqres.in]]>
              </value>
            </param>
            <param index="1">
              <value>
                <![CDATA[/api/users?page=1]]>
              </value>
            </param>
            <param index="2">
              <value>
                <![CDATA[200.0]]>
              </value>
            </param>
            <param index="3">
              <value>
                <![CDATA[data.email]]>
              </value>
            </param>
            <param index="4">
              <value>
                <![CDATA[george.bluth@reqres.in]]>
              </value>
            </param>
          </params>
          <reporter-output>
          </reporter-output>
        </test-method> <!-- GETaccess -->
        <test-method signature="GETaccess(java.lang.String, java.lang.String, java.lang.String, java.lang.String, java.lang.String)[pri:0, instance:AutomateAPI.GET_Tests@2525ff7e]" started-at="2021-09-04T11:58:55 IST" name="GETaccess" data-provider="userData" finished-at="2021-09-04T11:58:55 IST" duration-ms="174" status="PASS">
          <params>
            <param index="0">
              <value>
                <![CDATA[https://reqres.in]]>
              </value>
            </param>
            <param index="1">
              <value>
                <![CDATA[/api/users?page=2]]>
              </value>
            </param>
            <param index="2">
              <value>
                <![CDATA[200.0]]>
              </value>
            </param>
            <param index="3">
              <value>
                <![CDATA[data.first_name]]>
              </value>
            </param>
            <param index="4">
              <value>
                <![CDATA[Tobias]]>
              </value>
            </param>
          </params>
          <reporter-output>
          </reporter-output>
        </test-method> <!-- GETaccess -->
        <test-method signature="GETaccess(java.lang.String, java.lang.String, java.lang.String, java.lang.String, java.lang.String)[pri:0, instance:AutomateAPI.GET_Tests@2525ff7e]" started-at="2021-09-04T11:58:55 IST" name="GETaccess" data-provider="userData" finished-at="2021-09-04T11:58:55 IST" duration-ms="169" status="PASS">
          <params>
            <param index="0">
              <value>
                <![CDATA[https://reqres.in]]>
              </value>
            </param>
            <param index="1">
              <value>
                <![CDATA[/api/users?page=2]]>
              </value>
            </param>
            <param index="2">
              <value>
                <![CDATA[200.0]]>
              </value>
            </param>
            <param index="3">
              <value>
                <![CDATA[data.last_name]]>
              </value>
            </param>
            <param index="4">
              <value>
                <![CDATA[Funke]]>
              </value>
            </param>
          </params>
          <reporter-output>
          </reporter-output>
        </test-method> <!-- GETaccess -->
        <test-method signature="GETaccess(java.lang.String, java.lang.String, java.lang.String, java.lang.String, java.lang.String)[pri:0, instance:AutomateAPI.GET_Tests@2525ff7e]" started-at="2021-09-04T11:58:55 IST" name="GETaccess" data-provider="userData" finished-at="2021-09-04T11:58:56 IST" duration-ms="147" status="PASS">
          <params>
            <param index="0">
              <value>
                <![CDATA[https://reqres.in]]>
              </value>
            </param>
            <param index="1">
              <value>
                <![CDATA[api/unknown]]>
              </value>
            </param>
            <param index="2">
              <value>
                <![CDATA[200.0]]>
              </value>
            </param>
            <param index="3">
              <value>
                <![CDATA[data.name]]>
              </value>
            </param>
            <param index="4">
              <value>
                <![CDATA[cerulean]]>
              </value>
            </param>
          </params>
          <reporter-output>
          </reporter-output>
        </test-method> <!-- GETaccess -->
        <test-method is-config="true" signature="teardown()[pri:0, instance:AutomateAPI.GET_Tests@2525ff7e]" started-at="2021-09-04T11:58:56 IST" name="teardown" finished-at="2021-09-04T11:58:56 IST" duration-ms="1" status="PASS">
          <reporter-output>
          </reporter-output>
        </test-method> <!-- teardown -->
      </class> <!-- AutomateAPI.GET_Tests -->
    </test> <!-- Default test -->
  </suite> <!-- Default suite -->
</testng-results>
