<?xml version="1.0" encoding="UTF-8"?>
<!-- Generated by org.testng.reporters.JUnitXMLReporter -->
<testsuite ignored="0" hostname="mnavsupe-t14" failures="0" tests="4" name="Default test" time="2.77" errors="0" timestamp="2021-09-04T12:53:40 IST">
  <testcase classname="AutomateAPI.GET_Tests" name="GETaccess" time="1.945"/>
  <testcase classname="AutomateAPI.GET_Tests" name="GETaccess" time="0.114"/>
  <testcase classname="AutomateAPI.GET_Tests" name="GETaccess" time="0.135"/>
  <testcase classname="AutomateAPI.GET_Tests" name="GETaccess" time="0.087"/>
</testsuite> <!-- Default test -->
