<?xml version="1.0" encoding="UTF-8"?>
<!-- Generated by org.testng.reporters.JUnitXMLReporter -->
<testsuite ignored="0" hostname="mnavsupe-t14" failures="0" tests="4" name="Default test" time="5.403" errors="0" timestamp="2021-09-04T11:58:56 IST">
  <testcase classname="AutomateAPI.GET_Tests" name="GETaccess" time="3.631"/>
  <testcase classname="AutomateAPI.GET_Tests" name="GETaccess" time="0.174"/>
  <testcase classname="AutomateAPI.GET_Tests" name="GETaccess" time="0.169"/>
  <testcase classname="AutomateAPI.GET_Tests" name="GETaccess" time="0.147"/>
</testsuite> <!-- Default test -->
